# JRE version: Java(TM) SE Runtime Environment (8.0_191-b12) (build 1.8.0_191-b12)
# Java VM: Java HotSpot(TM) 64-Bit Server VM (25.191-b12 mixed mode linux-amd64 compressed oops)
Heap:
 def new generation   total 40704K, used 0K [0x00000000c2400000, 0x00000000c5020000, 0x00000000d6d50000)
  eden space 36224K,   0% used [0x00000000c2400000, 0x00000000c2400000, 0x00000000c4760000)
  from space 4480K,   0% used [0x00000000c4760000, 0x00000000c4760000, 0x00000000c4bc0000)
  to   space 4480K,   0% used [0x00000000c4bc0000, 0x00000000c4bc0000, 0x00000000c5020000)
 tenured generation   total 90316K, used 63054K [0x00000000d6d50000, 0x00000000dc583000, 0x0000000100000000)
   the space 90316K,  69% used [0x00000000d6d50000, 0x00000000daae3978, 0x00000000daae3a00, 0x00000000dc583000)
 Metaspace       used 29507K, capacity 30542K, committed 30592K, reserved 1077248K
  class space    used 3412K, capacity 3696K, committed 3712K, reserved 1048576K
GC Heap History (10 events):
Event: 81,196 GC heap after
Heap after GC invocations=37 (full 1):
 def new generation   total 19136K, used 2112K [0x00000000c2400000, 0x00000000c38c0000, 0x00000000d6d50000)
  eden space 17024K,   0% used [0x00000000c2400000, 0x00000000c2400000, 0x00000000c34a0000)
  from space 2112K, 100% used [0x00000000c36b0000, 0x00000000c38c0000, 0x00000000c38c0000)
  to   space 2112K,   0% used [0x00000000c34a0000, 0x00000000c34a0000, 0x00000000c36b0000)
 tenured generation   total 42752K, used 42656K [0x00000000d6d50000, 0x00000000d9710000, 0x0000000100000000)
   the space 42752K,  99% used [0x00000000d6d50000, 0x00000000d96f8340, 0x00000000d96f8400, 0x00000000d9710000)
 Metaspace       used 29172K, capacity 30212K, committed 30336K, reserved 1075200K
  class space    used 3381K, capacity 3654K, committed 3712K, reserved 1048576K
}
Event: 83,440 GC heap before
{Heap before GC invocations=37 (full 1):
 def new generation   total 19136K, used 19136K [0x00000000c2400000, 0x00000000c38c0000, 0x00000000d6d50000)
  eden space 17024K, 100% used [0x00000000c2400000, 0x00000000c34a0000, 0x00000000c34a0000)
  from space 2112K, 100% used [0x00000000c36b0000, 0x00000000c38c0000, 0x00000000c38c0000)
  to   space 2112K,   0% used [0x00000000c34a0000, 0x00000000c34a0000, 0x00000000c36b0000)
 tenured generation   total 42944K, used 42784K [0x00000000d6d50000, 0x00000000d9740000, 0x0000000100000000)
   the space 42944K,  99% used [0x00000000d6d50000, 0x00000000d9718290, 0x00000000d9718400, 0x00000000d9740000)
 Metaspace       used 29174K, capacity 30212K, committed 30336K, reserved 1075200K
  class space    used 3381K, capacity 3654K, committed 3712K, reserved 1048576K
Event: 83,476 GC heap after
Heap after GC invocations=38 (full 1):
 def new generation   total 19136K, used 2112K [0x00000000c2400000, 0x00000000c38c0000, 0x00000000d6d50000)
  eden space 17024K,   0% used [0x00000000c2400000, 0x00000000c2400000, 0x00000000c34a0000)
  from space 2112K, 100% used [0x00000000c34a0000, 0x00000000c36b0000, 0x00000000c36b0000)
  to   space 2112K,   0% used [0x00000000c36b0000, 0x00000000c36b0000, 0x00000000c38c0000)
 tenured generation   total 49280K, used 49247K [0x00000000d6d50000, 0x00000000d9d70000, 0x0000000100000000)
   the space 49280K,  99% used [0x00000000d6d50000, 0x00000000d9d67f98, 0x00000000d9d68000, 0x00000000d9d70000)
 Metaspace       used 29174K, capacity 30212K, committed 30336K, reserved 1075200K
  class space    used 3381K, capacity 3654K, committed 3712K, reserved 1048576K
}
Event: 84,023 GC heap before
{Heap before GC invocations=38 (full 1):
 def new generation   total 19136K, used 19136K [0x00000000c2400000, 0x00000000c38c0000, 0x00000000d6d50000)
  eden space 17024K, 100% used [0x00000000c2400000, 0x00000000c34a0000, 0x00000000c34a0000)
  from space 2112K, 100% used [0x00000000c34a0000, 0x00000000c36b0000, 0x00000000c36b0000)
  to   space 2112K,   0% used [0x00000000c36b0000, 0x00000000c36b0000, 0x00000000c38c0000)
 tenured generation   total 49280K, used 49247K [0x00000000d6d50000, 0x00000000d9d70000, 0x0000000100000000)
   the space 49280K,  99% used [0x00000000d6d50000, 0x00000000d9d67f98, 0x00000000d9d68000, 0x00000000d9d70000)
 Metaspace       used 29175K, capacity 30212K, committed 30336K, reserved 1075200K
  class space    used 3381K, capacity 3654K, committed 3712K, reserved 1048576K
Event: 84,208 GC heap after
Heap after GC invocations=39 (full 2):
 def new generation   total 40704K, used 0K [0x00000000c2400000, 0x00000000c5020000, 0x00000000d6d50000)
  eden space 36224K,   0% used [0x00000000c2400000, 0x00000000c2400000, 0x00000000c4760000)
  from space 4480K,   0% used [0x00000000c4760000, 0x00000000c4760000, 0x00000000c4bc0000)
  to   space 4480K,   0% used [0x00000000c4bc0000, 0x00000000c4bc0000, 0x00000000c5020000)
 tenured generation   total 90316K, used 54189K [0x00000000d6d50000, 0x00000000dc583000, 0x0000000100000000)
   the space 90316K,  59% used [0x00000000d6d50000, 0x00000000da23b550, 0x00000000da23b600, 0x00000000dc583000)
 Metaspace       used 29175K, capacity 30212K, committed 30336K, reserved 1075200K
  class space    used 3381K, capacity 3654K, committed 3712K, reserved 1048576K
}
Event: 85,481 GC heap before
{Heap before GC invocations=39 (full 2):
 def new generation   total 40704K, used 36234K [0x00000000c2400000, 0x00000000c5020000, 0x00000000d6d50000)
  eden space 36224K, 100% used [0x00000000c2400000, 0x00000000c4760000, 0x00000000c4760000)
  from space 4480K,   0% used [0x00000000c4760000, 0x00000000c4762930, 0x00000000c4bc0000)
  to   space 4480K,   0% used [0x00000000c4bc0000, 0x00000000c4bc0000, 0x00000000c5020000)
 tenured generation   total 90316K, used 54189K [0x00000000d6d50000, 0x00000000dc583000, 0x0000000100000000)
   the space 90316K,  59% used [0x00000000d6d50000, 0x00000000da23b550, 0x00000000da23b600, 0x00000000dc583000)
 Metaspace       used 29177K, capacity 30212K, committed 30336K, reserved 1075200K
  class space    used 3382K, capacity 3654K, committed 3712K, reserved 1048576K
Event: 85,559 GC heap after
Heap after GC invocations=40 (full 2):
 def new generation   total 40704K, used 4480K [0x00000000c2400000, 0x00000000c5020000, 0x00000000d6d50000)
  eden space 36224K,   0% used [0x00000000c2400000, 0x00000000c2400000, 0x00000000c4760000)
  from space 4480K, 100% used [0x00000000c4bc0000, 0x00000000c5020000, 0x00000000c5020000)
  to   space 4480K,   0% used [0x00000000c4760000, 0x00000000c4760000, 0x00000000c4bc0000)
 tenured generation   total 90316K, used 63008K [0x00000000d6d50000, 0x00000000dc583000, 0x0000000100000000)
   the space 90316K,  69% used [0x00000000d6d50000, 0x00000000daad80c8, 0x00000000daad8200, 0x00000000dc583000)
 Metaspace       used 29177K, capacity 30212K, committed 30336K, reserved 1075200K
  class space    used 3382K, capacity 3654K, committed 3712K, reserved 1048576K
}
Event: 93,906 GC heap before
{Heap before GC invocations=40 (full 2):
 def new generation   total 40704K, used 40704K [0x00000000c2400000, 0x00000000c5020000, 0x00000000d6d50000)
  eden space 36224K, 100% used [0x00000000c2400000, 0x00000000c4760000, 0x00000000c4760000)
  from space 4480K, 100% used [0x00000000c4bc0000, 0x00000000c5020000, 0x00000000c5020000)
  to   space 4480K,   0% used [0x00000000c4760000, 0x00000000c4760000, 0x00000000c4bc0000)
 tenured generation   total 90316K, used 63008K [0x00000000d6d50000, 0x00000000dc583000, 0x0000000100000000)
   the space 90316K,  69% used [0x00000000d6d50000, 0x00000000daad80c8, 0x00000000daad8200, 0x00000000dc583000)
 Metaspace       used 29257K, capacity 30276K, committed 30592K, reserved 1077248K
  class space    used 3385K, capacity 3654K, committed 3712K, reserved 1048576K
Event: 94,392 GC heap after
Heap after GC invocations=41 (full 2):
 def new generation   total 40704K, used 4480K [0x00000000c2400000, 0x00000000c5020000, 0x00000000d6d50000)
  eden space 36224K,   0% used [0x00000000c2400000, 0x00000000c2400000, 0x00000000c4760000)
  from space 4480K, 100% used [0x00000000c4760000, 0x00000000c4bc0000, 0x00000000c4bc0000)
  to   space 4480K,   0% used [0x00000000c4bc0000, 0x00000000c4bc0000, 0x00000000c5020000)
 tenured generation   total 90316K, used 72309K [0x00000000d6d50000, 0x00000000dc583000, 0x0000000100000000)
   the space 90316K,  80% used [0x00000000d6d50000, 0x00000000db3ed608, 0x00000000db3ed800, 0x00000000dc583000)
 Metaspace       used 29257K, capacity 30276K, committed 30592K, reserved 1077248K
  class space    used 3385K, capacity 3654K, committed 3712K, reserved 1048576K
}
Event: 114,391 GC heap before
{Heap before GC invocations=41 (full 2):
 def new generation   total 40704K, used 10989K [0x00000000c2400000, 0x00000000c5020000, 0x00000000d6d50000)
  eden space 36224K,  17% used [0x00000000c2400000, 0x00000000c2a5b780, 0x00000000c4760000)
  from space 4480K, 100% used [0x00000000c4760000, 0x00000000c4bc0000, 0x00000000c4bc0000)
  to   space 4480K,   0% used [0x00000000c4bc0000, 0x00000000c4bc0000, 0x00000000c5020000)
 tenured generation   total 90316K, used 72309K [0x00000000d6d50000, 0x00000000dc583000, 0x0000000100000000)
   the space 90316K,  80% used [0x00000000d6d50000, 0x00000000db3ed608, 0x00000000db3ed800, 0x00000000dc583000)
 Metaspace       used 29507K, capacity 30542K, committed 30592K, reserved 1077248K
  class space    used 3412K, capacity 3696K, committed 3712K, reserved 1048576K

