# JRE version: Java(TM) SE Runtime Environment (8.0_191-b12) (build 1.8.0_191-b12)
# Java VM: Java HotSpot(TM) 64-Bit Server VM (25.191-b12 mixed mode linux-amd64 compressed oops)
Heap:
 def new generation   total 19136K, used 9098K [0x00000000c2400000, 0x00000000c38c0000, 0x00000000d6d50000)
  eden space 17024K,  45% used [0x00000000c2400000, 0x00000000c2b9a4c0, 0x00000000c34a0000)
  from space 2112K,  62% used [0x00000000c36b0000, 0x00000000c37f84a0, 0x00000000c38c0000)
  to   space 2112K,   0% used [0x00000000c34a0000, 0x00000000c34a0000, 0x00000000c36b0000)
 tenured generation   total 42368K, used 6162K [0x00000000d6d50000, 0x00000000d96b0000, 0x0000000100000000)
   the space 42368K,  14% used [0x00000000d6d50000, 0x00000000d7354ba0, 0x00000000d7354c00, 0x00000000d96b0000)
 Metaspace       used 23343K, capacity 23942K, committed 24192K, reserved 1071104K
  class space    used 3011K, capacity 3167K, committed 3200K, reserved 1048576K
GC Heap History (10 events):
Event: 2,960 GC heap before
{Heap before GC invocations=0 (full 0):
 def new generation   total 19008K, used 16896K [0x00000000c2400000, 0x00000000c38a0000, 0x00000000d6d50000)
  eden space 16896K, 100% used [0x00000000c2400000, 0x00000000c3480000, 0x00000000c3480000)
  from space 2112K,   0% used [0x00000000c3480000, 0x00000000c3480000, 0x00000000c3690000)
  to   space 2112K,   0% used [0x00000000c3690000, 0x00000000c3690000, 0x00000000c38a0000)
 tenured generation   total 42368K, used 0K [0x00000000d6d50000, 0x00000000d96b0000, 0x0000000100000000)
   the space 42368K,   0% used [0x00000000d6d50000, 0x00000000d6d50000, 0x00000000d6d50200, 0x00000000d96b0000)
 Metaspace       used 10043K, capacity 10198K, committed 10496K, reserved 1058816K
  class space    used 1396K, capacity 1463K, committed 1536K, reserved 1048576K
Event: 2,986 GC heap after
Heap after GC invocations=1 (full 0):
 def new generation   total 19008K, used 2112K [0x00000000c2400000, 0x00000000c38a0000, 0x00000000d6d50000)
  eden space 16896K,   0% used [0x00000000c2400000, 0x00000000c2400000, 0x00000000c3480000)
  from space 2112K, 100% used [0x00000000c3690000, 0x00000000c38a0000, 0x00000000c38a0000)
  to   space 2112K,   0% used [0x00000000c3480000, 0x00000000c3480000, 0x00000000c3690000)
 tenured generation   total 42368K, used 2457K [0x00000000d6d50000, 0x00000000d96b0000, 0x0000000100000000)
   the space 42368K,   5% used [0x00000000d6d50000, 0x00000000d6fb6780, 0x00000000d6fb6800, 0x00000000d96b0000)
 Metaspace       used 10043K, capacity 10198K, committed 10496K, reserved 1058816K
  class space    used 1396K, capacity 1463K, committed 1536K, reserved 1048576K
}
Event: 3,640 GC heap before
{Heap before GC invocations=1 (full 0):
 def new generation   total 19008K, used 19008K [0x00000000c2400000, 0x00000000c38a0000, 0x00000000d6d50000)
  eden space 16896K, 100% used [0x00000000c2400000, 0x00000000c3480000, 0x00000000c3480000)
  from space 2112K, 100% used [0x00000000c3690000, 0x00000000c38a0000, 0x00000000c38a0000)
  to   space 2112K,   0% used [0x00000000c3480000, 0x00000000c3480000, 0x00000000c3690000)
 tenured generation   total 42368K, used 2457K [0x00000000d6d50000, 0x00000000d96b0000, 0x0000000100000000)
   the space 42368K,   5% used [0x00000000d6d50000, 0x00000000d6fb6780, 0x00000000d6fb6800, 0x00000000d96b0000)
 Metaspace       used 13131K, capacity 13248K, committed 13568K, reserved 1060864K
  class space    used 1713K, capacity 1753K, committed 1792K, reserved 1048576K
Event: 3,684 GC heap after
Heap after GC invocations=2 (full 0):
 def new generation   total 19008K, used 2112K [0x00000000c2400000, 0x00000000c38a0000, 0x00000000d6d50000)
  eden space 16896K,   0% used [0x00000000c2400000, 0x00000000c2400000, 0x00000000c3480000)
  from space 2112K, 100% used [0x00000000c3480000, 0x00000000c3690000, 0x00000000c3690000)
  to   space 2112K,   0% used [0x00000000c3690000, 0x00000000c3690000, 0x00000000c38a0000)
 tenured generation   total 42368K, used 5166K [0x00000000d6d50000, 0x00000000d96b0000, 0x0000000100000000)
   the space 42368K,  12% used [0x00000000d6d50000, 0x00000000d725b820, 0x00000000d725ba00, 0x00000000d96b0000)
 Metaspace       used 13131K, capacity 13248K, committed 13568K, reserved 1060864K
  class space    used 1713K, capacity 1753K, committed 1792K, reserved 1048576K
}
Event: 5,330 GC heap before
{Heap before GC invocations=2 (full 0):
 def new generation   total 19008K, used 19008K [0x00000000c2400000, 0x00000000c38a0000, 0x00000000d6d50000)
  eden space 16896K, 100% used [0x00000000c2400000, 0x00000000c3480000, 0x00000000c3480000)
  from space 2112K, 100% used [0x00000000c3480000, 0x00000000c3690000, 0x00000000c3690000)
  to   space 2112K,   0% used [0x00000000c3690000, 0x00000000c3690000, 0x00000000c38a0000)
 tenured generation   total 42368K, used 5166K [0x00000000d6d50000, 0x00000000d96b0000, 0x0000000100000000)
   the space 42368K,  12% used [0x00000000d6d50000, 0x00000000d725b820, 0x00000000d725ba00, 0x00000000d96b0000)
 Metaspace       used 16946K, capacity 17172K, committed 17280K, reserved 1064960K
  class space    used 2270K, capacity 2372K, committed 2432K, reserved 1048576K
Event: 5,369 GC heap after
Heap after GC invocations=3 (full 0):
 def new generation   total 19008K, used 2111K [0x00000000c2400000, 0x00000000c38a0000, 0x00000000d6d50000)
  eden space 16896K,   0% used [0x00000000c2400000, 0x00000000c2400000, 0x00000000c3480000)
  from space 2112K,  99% used [0x00000000c3690000, 0x00000000c389fff8, 0x00000000c38a0000)
  to   space 2112K,   0% used [0x00000000c3480000, 0x00000000c3480000, 0x00000000c3690000)
 tenured generation   total 42368K, used 7237K [0x00000000d6d50000, 0x00000000d96b0000, 0x0000000100000000)
   the space 42368K,  17% used [0x00000000d6d50000, 0x00000000d7461490, 0x00000000d7461600, 0x00000000d96b0000)
 Metaspace       used 16946K, capacity 17172K, committed 17280K, reserved 1064960K
  class space    used 2270K, capacity 2372K, committed 2432K, reserved 1048576K
}
Event: 9,182 GC heap before
{Heap before GC invocations=3 (full 0):
 def new generation   total 19008K, used 18953K [0x00000000c2400000, 0x00000000c38a0000, 0x00000000d6d50000)
  eden space 16896K,  99% used [0x00000000c2400000, 0x00000000c3472708, 0x00000000c3480000)
  from space 2112K,  99% used [0x00000000c3690000, 0x00000000c389fff8, 0x00000000c38a0000)
  to   space 2112K,   0% used [0x00000000c3480000, 0x00000000c3480000, 0x00000000c3690000)
 tenured generation   total 42368K, used 7237K [0x00000000d6d50000, 0x00000000d96b0000, 0x0000000100000000)
   the space 42368K,  17% used [0x00000000d6d50000, 0x00000000d7461490, 0x00000000d7461600, 0x00000000d96b0000)
 Metaspace       used 20749K, capacity 21202K, committed 21296K, reserved 1067008K
  class space    used 2749K, capacity 2893K, committed 2944K, reserved 1048576K
Event: 9,257 GC heap after
Heap after GC invocations=4 (full 1):
 def new generation   total 19136K, used 0K [0x00000000c2400000, 0x00000000c38c0000, 0x00000000d6d50000)
  eden space 17024K,   0% used [0x00000000c2400000, 0x00000000c2400000, 0x00000000c34a0000)
  from space 2112K,   0% used [0x00000000c34a0000, 0x00000000c34a0000, 0x00000000c36b0000)
  to   space 2112K,   0% used [0x00000000c36b0000, 0x00000000c36b0000, 0x00000000c38c0000)
 tenured generation   total 42368K, used 6162K [0x00000000d6d50000, 0x00000000d96b0000, 0x0000000100000000)
   the space 42368K,  14% used [0x00000000d6d50000, 0x00000000d7354ba0, 0x00000000d7354c00, 0x00000000d96b0000)
 Metaspace       used 20749K, capacity 21202K, committed 21296K, reserved 1067008K
  class space    used 2749K, capacity 2893K, committed 2944K, reserved 1048576K
}
Event: 13,952 GC heap before
{Heap before GC invocations=4 (full 1):
 def new generation   total 19136K, used 17024K [0x00000000c2400000, 0x00000000c38c0000, 0x00000000d6d50000)
  eden space 17024K, 100% used [0x00000000c2400000, 0x00000000c34a0000, 0x00000000c34a0000)
  from space 2112K,   0% used [0x00000000c34a0000, 0x00000000c34a0000, 0x00000000c36b0000)
  to   space 2112K,   0% used [0x00000000c36b0000, 0x00000000c36b0000, 0x00000000c38c0000)
 tenured generation   total 42368K, used 6162K [0x00000000d6d50000, 0x00000000d96b0000, 0x0000000100000000)
   the space 42368K,  14% used [0x00000000d6d50000, 0x00000000d7354ba0, 0x00000000d7354c00, 0x00000000d96b0000)
 Metaspace       used 22178K, capacity 22766K, committed 23168K, reserved 1069056K
  class space    used 2922K, capacity 3091K, committed 3200K, reserved 1048576K
Event: 13,964 GC heap after
Heap after GC invocations=5 (full 1):
 def new generation   total 19136K, used 1313K [0x00000000c2400000, 0x00000000c38c0000, 0x00000000d6d50000)
  eden space 17024K,   0% used [0x00000000c2400000, 0x00000000c2400000, 0x00000000c34a0000)
  from space 2112K,  62% used [0x00000000c36b0000, 0x00000000c37f84a0, 0x00000000c38c0000)
  to   space 2112K,   0% used [0x00000000c34a0000, 0x00000000c34a0000, 0x00000000c36b0000)
 tenured generation   total 42368K, used 6162K [0x00000000d6d50000, 0x00000000d96b0000, 0x0000000100000000)
   the space 42368K,  14% used [0x00000000d6d50000, 0x00000000d7354ba0, 0x00000000d7354c00, 0x00000000d96b0000)
 Metaspace       used 22178K, capacity 22766K, committed 23168K, reserved 1069056K
  class space    used 2922K, capacity 3091K, committed 3200K, reserved 1048576K
}

